11:27:04.626  INFO  manager.ApplicationManager - All tests start in Chrome Browser
11:27:05.897  INFO  manager.ApplicationManager - Current Url -->https://telranedu.web.app/home
11:27:05.900  INFO  manager.ListenerTNG - onStart --->Gradle test
11:27:05.919  INFO  tests.TestBase - The name of starts method is --->loginSuccess
11:27:05.920  INFO  manager.ListenerWD - Before find element -->By.xpath: //button[text()='Sign Out']
11:27:10.975  INFO  manager.ListenerWD - After find element -->By.xpath: //button[text()='Sign Out']
11:27:10.978  INFO  manager.ListenerWD - List size is -->0
11:27:10.980  INFO  manager.ListenerTNG - onTestStart --->loginSuccess
11:27:10.981  INFO  tests.TestBase - Login with valid data : email:noa@gmail.com & password:Nnoa12345$ 
11:27:10.981  INFO  manager.ListenerWD - Before find element -->By.cssSelector: a[href='/login']
11:27:11.005  INFO  manager.ListenerWD - After find element -->By.cssSelector: a[href='/login']
11:27:11.043  INFO  manager.ListenerWD - Before find element -->By.name: email
11:27:11.061  INFO  manager.ListenerWD - After find element -->By.name: email
11:27:11.170  INFO  manager.ListenerWD - Before find element -->By.name: password
11:27:11.184  INFO  manager.ListenerWD - After find element -->By.name: password
11:27:11.253  INFO  manager.ListenerWD - Before find element -->By.cssSelector: [name='login']
11:27:11.267  INFO  manager.ListenerWD - After find element -->By.cssSelector: [name='login']
11:27:11.291  INFO  manager.ListenerWD - Before find element -->By.xpath: //button[text()='Sign Out']
11:27:12.321  INFO  manager.ListenerWD - After find element -->By.xpath: //button[text()='Sign Out']
11:27:12.321  INFO  manager.ListenerWD - List size is -->1
11:27:12.323  INFO  tests.TestBase - Tests success
11:27:12.326  INFO  manager.ListenerTNG - onFinish --->Gradle test
