20:08:04.697  INFO  manager.ListenerTNG - onStart --->Gradle suite
20:08:06.369  INFO  manager.ApplicationManager - All tests start in Chrome Browser
20:08:08.457  INFO  manager.ApplicationManager - Current Url -->https://telranedu.web.app/home
20:08:08.461  INFO  manager.ListenerTNG - onStart --->Gradle test
20:08:08.482  INFO  tests.TestBase - The name of starts method is --->loginSuccessModelFromFile
20:08:08.483  INFO  manager.ListenerWD - Before find element -->By.xpath: //button[text()='Sign Out']
20:08:13.551  INFO  manager.ListenerWD - After find element -->By.xpath: //button[text()='Sign Out']
20:08:13.554  INFO  manager.ListenerWD - List size is -->0
20:08:13.556  INFO  manager.ListenerTNG - onTestStart --->loginSuccessModelFromFile
20:08:13.563  INFO  tests.TestBase - Tests start with user model ---User(email=noa@gmail.com, password=Nnoa12345$)
20:08:13.563  INFO  manager.ListenerWD - Before find element -->By.cssSelector: a[href='/login']
20:08:13.585  INFO  manager.ListenerWD - After find element -->By.cssSelector: a[href='/login']
20:08:13.621  INFO  manager.ListenerWD - Before find element -->By.name: email
20:08:13.640  INFO  manager.ListenerWD - After find element -->By.name: email
20:08:13.763  INFO  manager.ListenerWD - Before find element -->By.name: password
20:08:13.780  INFO  manager.ListenerWD - After find element -->By.name: password
20:08:13.855  INFO  manager.ListenerWD - Before find element -->By.cssSelector: [name='login']
20:08:13.871  INFO  manager.ListenerWD - After find element -->By.cssSelector: [name='login']
20:08:13.898  INFO  manager.ListenerWD - Before find element -->By.xpath: //button[text()='Sign Out']
20:08:14.986  INFO  manager.ListenerWD - After find element -->By.xpath: //button[text()='Sign Out']
20:08:14.986  INFO  manager.ListenerWD - List size is -->1
20:08:14.989  INFO  manager.ListenerTNG - onTestSuccess --->loginSuccessModelFromFile
20:08:14.990  INFO  tests.TestBase - The name of starts method is --->loginSuccessModelFromFile
20:08:14.990  INFO  manager.ListenerWD - Before find element -->By.xpath: //button[text()='Sign Out']
20:08:15.002  INFO  manager.ListenerWD - After find element -->By.xpath: //button[text()='Sign Out']
20:08:15.002  INFO  manager.ListenerWD - List size is -->1
20:08:15.002  INFO  manager.ListenerWD - Before find element -->By.xpath: //button[text()='Sign Out']
20:08:15.016  INFO  manager.ListenerWD - After find element -->By.xpath: //button[text()='Sign Out']
20:08:15.038  INFO  tests.TestBase -  I need logout
20:08:15.039  INFO  manager.ListenerTNG - onTestStart --->loginSuccessModelFromFile
20:08:15.039  INFO  tests.TestBase - Tests start with user model ---User(email=sonya@gmail.com, password=Ss12345$)
20:08:15.039  INFO  manager.ListenerWD - Before find element -->By.cssSelector: a[href='/login']
20:08:15.059  INFO  manager.ListenerWD - After find element -->By.cssSelector: a[href='/login']
20:08:15.084  INFO  manager.ListenerWD - Before find element -->By.name: email
20:08:15.098  INFO  manager.ListenerWD - After find element -->By.name: email
20:08:15.188  INFO  manager.ListenerWD - Before find element -->By.name: password
20:08:15.270  INFO  manager.ListenerWD - After find element -->By.name: password
20:08:15.352  INFO  manager.ListenerWD - Before find element -->By.cssSelector: [name='login']
20:08:15.364  INFO  manager.ListenerWD - After find element -->By.cssSelector: [name='login']
20:08:15.385  INFO  manager.ListenerWD - Before find element -->By.xpath: //button[text()='Sign Out']
20:08:15.727  INFO  manager.ListenerWD - After find element -->By.xpath: //button[text()='Sign Out']
20:08:15.727  INFO  manager.ListenerWD - List size is -->1
20:08:15.727  INFO  manager.ListenerTNG - onTestSuccess --->loginSuccessModelFromFile
20:08:15.728  INFO  tests.TestBase - The name of starts method is --->loginSuccessModelFromFile
20:08:15.729  INFO  manager.ListenerWD - Before find element -->By.xpath: //button[text()='Sign Out']
20:08:15.744  INFO  manager.ListenerWD - After find element -->By.xpath: //button[text()='Sign Out']
20:08:15.745  INFO  manager.ListenerWD - List size is -->1
20:08:15.745  INFO  manager.ListenerWD - Before find element -->By.xpath: //button[text()='Sign Out']
20:08:15.755  INFO  manager.ListenerWD - After find element -->By.xpath: //button[text()='Sign Out']
20:08:15.780  INFO  tests.TestBase -  I need logout
20:08:15.780  INFO  manager.ListenerTNG - onTestStart --->loginSuccessModelFromFile
20:08:15.780  INFO  tests.TestBase - Tests start with user model ---User(email=noa@gmail.com, password=Nnoa12345$)
20:08:15.781  INFO  manager.ListenerWD - Before find element -->By.cssSelector: a[href='/login']
20:08:15.792  INFO  manager.ListenerWD - After find element -->By.cssSelector: a[href='/login']
20:08:15.814  INFO  manager.ListenerWD - Before find element -->By.name: email
20:08:15.824  INFO  manager.ListenerWD - After find element -->By.name: email
20:08:15.901  INFO  manager.ListenerWD - Before find element -->By.name: password
20:08:15.911  INFO  manager.ListenerWD - After find element -->By.name: password
20:08:15.985  INFO  manager.ListenerWD - Before find element -->By.cssSelector: [name='login']
20:08:15.995  INFO  manager.ListenerWD - After find element -->By.cssSelector: [name='login']
20:08:16.017  INFO  manager.ListenerWD - Before find element -->By.xpath: //button[text()='Sign Out']
20:08:16.305  INFO  manager.ListenerWD - After find element -->By.xpath: //button[text()='Sign Out']
20:08:16.305  INFO  manager.ListenerWD - List size is -->1
20:08:16.306  INFO  manager.ListenerTNG - onTestSuccess --->loginSuccessModelFromFile
20:08:16.307  INFO  manager.ListenerTNG - onFinish --->Gradle test
20:08:16.309  INFO  manager.ListenerTNG - onFinish --->Gradle suite
