18:33:29.622  INFO  manager.ListenerTNG - onStart --->Gradle suite
18:33:31.157  INFO  manager.ApplicationManager - All tests start in Chrome Browser
18:33:33.126  INFO  manager.ApplicationManager - Current Url -->https://telranedu.web.app/home
18:33:33.130  INFO  manager.ListenerTNG - onStart --->Gradle test
18:33:33.151  INFO  tests.TestBase - The name of starts method is --->loginSuccess
18:33:33.152  INFO  manager.ListenerWD - Before find element -->By.xpath: //button[text()='Sign Out']
18:33:38.165  INFO  manager.ListenerWD - After find element -->By.xpath: //button[text()='Sign Out']
18:33:38.168  INFO  manager.ListenerWD - List size is -->0
18:33:38.170  INFO  manager.ListenerTNG - onTestStart --->loginSuccess
18:33:38.176  INFO  tests.TestBase - Login with valid data :  email: noa@gmail.com & password: Nnoa12345$
18:33:38.176  INFO  manager.ListenerWD - Before find element -->By.cssSelector: a[href='/login']
18:33:38.200  INFO  manager.ListenerWD - After find element -->By.cssSelector: a[href='/login']
18:33:38.237  INFO  manager.ListenerWD - Before find element -->By.name: email
18:33:38.276  INFO  manager.ListenerWD - After find element -->By.name: email
18:33:38.353  INFO  manager.ListenerWD - Before find element -->By.name: password
18:33:38.364  INFO  manager.ListenerWD - After find element -->By.name: password
18:33:38.410  INFO  manager.ListenerWD - Before find element -->By.cssSelector: [name='login']
18:33:38.421  INFO  manager.ListenerWD - After find element -->By.cssSelector: [name='login']
18:33:38.440  INFO  manager.ListenerWD - Before find element -->By.xpath: //button[text()='Sign Out']
18:33:39.460  INFO  manager.ListenerWD - After find element -->By.xpath: //button[text()='Sign Out']
18:33:39.460  INFO  manager.ListenerWD - List size is -->1
18:33:39.462  INFO  tests.TestBase - Tests success
18:33:39.463  INFO  manager.ListenerTNG - onTestSuccess --->loginSuccess
18:33:39.464  INFO  tests.TestBase - The name of starts method is --->loginSuccess
18:33:39.464  INFO  manager.ListenerWD - Before find element -->By.xpath: //button[text()='Sign Out']
18:33:39.475  INFO  manager.ListenerWD - After find element -->By.xpath: //button[text()='Sign Out']
18:33:39.475  INFO  manager.ListenerWD - List size is -->1
18:33:39.475  INFO  manager.ListenerWD - Before find element -->By.xpath: //button[text()='Sign Out']
18:33:39.488  INFO  manager.ListenerWD - After find element -->By.xpath: //button[text()='Sign Out']
18:33:39.507  INFO  tests.TestBase -  I need logout
18:33:39.507  INFO  manager.ListenerTNG - onTestStart --->loginSuccess
18:33:39.507  INFO  tests.TestBase - Login with valid data :  email: sonya@gmail.com & password: Ss12345$
18:33:39.507  INFO  manager.ListenerWD - Before find element -->By.cssSelector: a[href='/login']
18:33:39.517  INFO  manager.ListenerWD - After find element -->By.cssSelector: a[href='/login']
18:33:39.534  INFO  manager.ListenerWD - Before find element -->By.name: email
18:33:39.543  INFO  manager.ListenerWD - After find element -->By.name: email
18:33:39.603  INFO  manager.ListenerWD - Before find element -->By.name: password
18:33:39.745  INFO  manager.ListenerWD - After find element -->By.name: password
18:33:39.808  INFO  manager.ListenerWD - Before find element -->By.cssSelector: [name='login']
18:33:39.816  INFO  manager.ListenerWD - After find element -->By.cssSelector: [name='login']
18:33:39.832  INFO  manager.ListenerWD - Before find element -->By.xpath: //button[text()='Sign Out']
18:33:40.114  INFO  manager.ListenerWD - After find element -->By.xpath: //button[text()='Sign Out']
18:33:40.115  INFO  manager.ListenerWD - List size is -->1
18:33:40.115  INFO  tests.TestBase - Tests success
18:33:40.115  INFO  manager.ListenerTNG - onTestSuccess --->loginSuccess
18:33:40.116  INFO  tests.TestBase - The name of starts method is --->loginSuccess
18:33:40.116  INFO  manager.ListenerWD - Before find element -->By.xpath: //button[text()='Sign Out']
18:33:40.129  INFO  manager.ListenerWD - After find element -->By.xpath: //button[text()='Sign Out']
18:33:40.129  INFO  manager.ListenerWD - List size is -->1
18:33:40.129  INFO  manager.ListenerWD - Before find element -->By.xpath: //button[text()='Sign Out']
18:33:40.138  INFO  manager.ListenerWD - After find element -->By.xpath: //button[text()='Sign Out']
18:33:40.158  INFO  tests.TestBase -  I need logout
18:33:40.158  INFO  manager.ListenerTNG - onTestStart --->loginSuccess
18:33:40.158  INFO  tests.TestBase - Login with valid data :  email: noa@gmail.com & password: Nnoa12345$
18:33:40.158  INFO  manager.ListenerWD - Before find element -->By.cssSelector: a[href='/login']
18:33:40.166  INFO  manager.ListenerWD - After find element -->By.cssSelector: a[href='/login']
18:33:40.181  INFO  manager.ListenerWD - Before find element -->By.name: email
18:33:40.188  INFO  manager.ListenerWD - After find element -->By.name: email
18:33:40.243  INFO  manager.ListenerWD - Before find element -->By.name: password
18:33:40.251  INFO  manager.ListenerWD - After find element -->By.name: password
18:33:40.309  INFO  manager.ListenerWD - Before find element -->By.cssSelector: [name='login']
18:33:40.316  INFO  manager.ListenerWD - After find element -->By.cssSelector: [name='login']
18:33:40.333  INFO  manager.ListenerWD - Before find element -->By.xpath: //button[text()='Sign Out']
18:33:40.623  INFO  manager.ListenerWD - After find element -->By.xpath: //button[text()='Sign Out']
18:33:40.623  INFO  manager.ListenerWD - List size is -->1
18:33:40.623  INFO  tests.TestBase - Tests success
18:33:40.623  INFO  manager.ListenerTNG - onTestSuccess --->loginSuccess
18:33:40.626  INFO  manager.ListenerTNG - onFinish --->Gradle test
18:33:40.628  INFO  manager.ListenerTNG - onFinish --->Gradle suite
